This is pdfTeX, Version 3.141592653-2.6-1.40.26 (TeX Live 2025/dev/Debian) (preloaded format=pdflatex 2025.2.17)  26 FEB 2025 00:34
entering extended mode
 restricted \write18 enabled.
 %&-line parsing enabled.
**report/report.tex
(./report/report.tex
LaTeX2e <2024-11-01>
L3 programming layer <2024-10-09>
(/usr/share/texlive/texmf-dist/tex/latex/base/report.cls
Document Class: report 2024/06/29 v1.4n Standard LaTeX document class
(/usr/share/texlive/texmf-dist/tex/latex/base/size12.clo
File: size12.clo 2024/06/29 v1.4n Standard LaTeX file (size option)
)
\c@part=\count196
\c@chapter=\count197
\c@section=\count198
\c@subsection=\count199
\c@subsubsection=\count266
\c@paragraph=\count267
\c@subparagraph=\count268
\c@figure=\count269
\c@table=\count270
\abovecaptionskip=\skip49
\belowcaptionskip=\skip50
\bibindent=\dimen141
)
(/usr/share/texlive/texmf-dist/tex/latex/geometry/geometry.sty
Package: geometry 2020/01/02 v5.9 Page Geometry

(/usr/share/texlive/texmf-dist/tex/latex/graphics/keyval.sty
Package: keyval 2022/05/29 v1.15 key=value parser (DPC)
\KV@toks@=\toks17
)
(/usr/share/texlive/texmf-dist/tex/generic/iftex/ifvtex.sty
Package: ifvtex 2019/10/25 v1.7 ifvtex legacy package. Use iftex instead.

(/usr/share/texlive/texmf-dist/tex/generic/iftex/iftex.sty
Package: iftex 2022/02/03 v1.0f TeX engine tests
))
\Gm@cnth=\count271
\Gm@cntv=\count272
\c@Gm@tempcnt=\count273
\Gm@bindingoffset=\dimen142
\Gm@wd@mp=\dimen143
\Gm@odd@mp=\dimen144
\Gm@even@mp=\dimen145
\Gm@layoutwidth=\dimen146
\Gm@layoutheight=\dimen147
\Gm@layouthoffset=\dimen148
\Gm@layoutvoffset=\dimen149
\Gm@dimlist=\toks18
)
(/usr/share/texlive/texmf-dist/tex/latex/base/inputenc.sty
Package: inputenc 2024/02/08 v1.3d Input encoding file
\inpenc@prehook=\toks19
\inpenc@posthook=\toks20
)
(/usr/share/texlive/texmf-dist/tex/generic/babel/babel.sty
Package: babel 2024/10/20 v24.12 The multilingual framework for pdfLaTeX, LuaLa
TeX and XeLaTeX
\babel@savecnt=\count274
\U@D=\dimen150
\l@unhyphenated=\language18

(/usr/share/texlive/texmf-dist/tex/generic/babel/txtbabel.def)
\bbl@readstream=\read2
\bbl@dirlevel=\count275

(/usr/share/texlive/texmf-dist/tex/generic/babel-russian/russianb.ldf
File: russianb.ldf 2021/01/10 1.3m Russian support for the Babel system
Language: russian 2020/09/09 1.3k Russian support for the Babel system


Package babel Warning: No Cyrillic font encoding has been loaded so far.
(babel)                A font encoding should be declared before babel.
(babel)                Default `T2A' encoding will be loaded  on input line 78.


(/usr/share/texlive/texmf-dist/tex/latex/cyrillic/t2aenc.def
File: t2aenc.def 2023/11/07 v1.0k Cyrillic encoding definition file
Now handling font encoding T2A ...
... processing UTF-8 mapping file for font encoding T2A

(/usr/share/texlive/texmf-dist/tex/latex/base/t2aenc.dfu
File: t2aenc.dfu 2022/06/07 v1.3c UTF-8 support
   defining Unicode char U+00A4 (decimal 164)
   defining Unicode char U+00A7 (decimal 167)
   defining Unicode char U+00AB (decimal 171)
   defining Unicode char U+00BB (decimal 187)
   defining Unicode char U+0131 (decimal 305)
   defining Unicode char U+0237 (decimal 567)
   defining Unicode char U+0400 (decimal 1024)
   defining Unicode char U+0401 (decimal 1025)
   defining Unicode char U+0402 (decimal 1026)
   defining Unicode char U+0403 (decimal 1027)
   defining Unicode char U+0404 (decimal 1028)
   defining Unicode char U+0405 (decimal 1029)
   defining Unicode char U+0406 (decimal 1030)
   defining Unicode char U+0407 (decimal 1031)
   defining Unicode char U+0408 (decimal 1032)
   defining Unicode char U+0409 (decimal 1033)
   defining Unicode char U+040A (decimal 1034)
   defining Unicode char U+040B (decimal 1035)
   defining Unicode char U+040C (decimal 1036)
   defining Unicode char U+040D (decimal 1037)
   defining Unicode char U+040E (decimal 1038)
   defining Unicode char U+040F (decimal 1039)
   defining Unicode char U+0410 (decimal 1040)
   defining Unicode char U+0411 (decimal 1041)
   defining Unicode char U+0412 (decimal 1042)
   defining Unicode char U+0413 (decimal 1043)
   defining Unicode char U+0414 (decimal 1044)
   defining Unicode char U+0415 (decimal 1045)
   defining Unicode char U+0416 (decimal 1046)
   defining Unicode char U+0417 (decimal 1047)
   defining Unicode char U+0418 (decimal 1048)
   defining Unicode char U+0419 (decimal 1049)
   defining Unicode char U+041A (decimal 1050)
   defining Unicode char U+041B (decimal 1051)
   defining Unicode char U+041C (decimal 1052)
   defining Unicode char U+041D (decimal 1053)
   defining Unicode char U+041E (decimal 1054)
   defining Unicode char U+041F (decimal 1055)
   defining Unicode char U+0420 (decimal 1056)
   defining Unicode char U+0421 (decimal 1057)
   defining Unicode char U+0422 (decimal 1058)
   defining Unicode char U+0423 (decimal 1059)
   defining Unicode char U+0424 (decimal 1060)
   defining Unicode char U+0425 (decimal 1061)
   defining Unicode char U+0426 (decimal 1062)
   defining Unicode char U+0427 (decimal 1063)
   defining Unicode char U+0428 (decimal 1064)
   defining Unicode char U+0429 (decimal 1065)
   defining Unicode char U+042A (decimal 1066)
   defining Unicode char U+042B (decimal 1067)
   defining Unicode char U+042C (decimal 1068)
   defining Unicode char U+042D (decimal 1069)
   defining Unicode char U+042E (decimal 1070)
   defining Unicode char U+042F (decimal 1071)
   defining Unicode char U+0430 (decimal 1072)
   defining Unicode char U+0431 (decimal 1073)
   defining Unicode char U+0432 (decimal 1074)
   defining Unicode char U+0433 (decimal 1075)
   defining Unicode char U+0434 (decimal 1076)
   defining Unicode char U+0435 (decimal 1077)
   defining Unicode char U+0436 (decimal 1078)
   defining Unicode char U+0437 (decimal 1079)
   defining Unicode char U+0438 (decimal 1080)
   defining Unicode char U+0439 (decimal 1081)
   defining Unicode char U+043A (decimal 1082)
   defining Unicode char U+043B (decimal 1083)
   defining Unicode char U+043C (decimal 1084)
   defining Unicode char U+043D (decimal 1085)
   defining Unicode char U+043E (decimal 1086)
   defining Unicode char U+043F (decimal 1087)
   defining Unicode char U+0440 (decimal 1088)
   defining Unicode char U+0441 (decimal 1089)
   defining Unicode char U+0442 (decimal 1090)
   defining Unicode char U+0443 (decimal 1091)
   defining Unicode char U+0444 (decimal 1092)
   defining Unicode char U+0445 (decimal 1093)
   defining Unicode char U+0446 (decimal 1094)
   defining Unicode char U+0447 (decimal 1095)
   defining Unicode char U+0448 (decimal 1096)
   defining Unicode char U+0449 (decimal 1097)
   defining Unicode char U+044A (decimal 1098)
   defining Unicode char U+044B (decimal 1099)
   defining Unicode char U+044C (decimal 1100)
   defining Unicode char U+044D (decimal 1101)
   defining Unicode char U+044E (decimal 1102)
   defining Unicode char U+044F (decimal 1103)
   defining Unicode char U+0450 (decimal 1104)
   defining Unicode char U+0451 (decimal 1105)
   defining Unicode char U+0452 (decimal 1106)
   defining Unicode char U+0453 (decimal 1107)
   defining Unicode char U+0454 (decimal 1108)
   defining Unicode char U+0455 (decimal 1109)
   defining Unicode char U+0456 (decimal 1110)
   defining Unicode char U+0457 (decimal 1111)
   defining Unicode char U+0458 (decimal 1112)
   defining Unicode char U+0459 (decimal 1113)
   defining Unicode char U+045A (decimal 1114)
   defining Unicode char U+045B (decimal 1115)
   defining Unicode char U+045C (decimal 1116)
   defining Unicode char U+045D (decimal 1117)
   defining Unicode char U+045E (decimal 1118)
   defining Unicode char U+045F (decimal 1119)
   defining Unicode char U+0490 (decimal 1168)
   defining Unicode char U+0491 (decimal 1169)
   defining Unicode char U+0492 (decimal 1170)
   defining Unicode char U+0493 (decimal 1171)
   defining Unicode char U+0496 (decimal 1174)
   defining Unicode char U+0497 (decimal 1175)
   defining Unicode char U+0498 (decimal 1176)
   defining Unicode char U+0499 (decimal 1177)
   defining Unicode char U+049A (decimal 1178)
   defining Unicode char U+049B (decimal 1179)
   defining Unicode char U+049C (decimal 1180)
   defining Unicode char U+049D (decimal 1181)
   defining Unicode char U+04A0 (decimal 1184)
   defining Unicode char U+04A1 (decimal 1185)
   defining Unicode char U+04A2 (decimal 1186)
   defining Unicode char U+04A3 (decimal 1187)
   defining Unicode char U+04A4 (decimal 1188)
   defining Unicode char U+04A5 (decimal 1189)
   defining Unicode char U+04AA (decimal 1194)
   defining Unicode char U+04AB (decimal 1195)
   defining Unicode char U+04AE (decimal 1198)
   defining Unicode char U+04AF (decimal 1199)
   defining Unicode char U+04B0 (decimal 1200)
   defining Unicode char U+04B1 (decimal 1201)
   defining Unicode char U+04B2 (decimal 1202)
   defining Unicode char U+04B3 (decimal 1203)
   defining Unicode char U+04B6 (decimal 1206)
   defining Unicode char U+04B7 (decimal 1207)
   defining Unicode char U+04B8 (decimal 1208)
   defining Unicode char U+04B9 (decimal 1209)
   defining Unicode char U+04BA (decimal 1210)
   defining Unicode char U+04BB (decimal 1211)
   defining Unicode char U+04C0 (decimal 1216)
   defining Unicode char U+04C1 (decimal 1217)
   defining Unicode char U+04C2 (decimal 1218)
   defining Unicode char U+04D0 (decimal 1232)
   defining Unicode char U+04D1 (decimal 1233)
   defining Unicode char U+04D2 (decimal 1234)
   defining Unicode char U+04D3 (decimal 1235)
   defining Unicode char U+04D4 (decimal 1236)
   defining Unicode char U+04D5 (decimal 1237)
   defining Unicode char U+04D6 (decimal 1238)
   defining Unicode char U+04D7 (decimal 1239)
   defining Unicode char U+04D8 (decimal 1240)
   defining Unicode char U+04D9 (decimal 1241)
   defining Unicode char U+04DA (decimal 1242)
   defining Unicode char U+04DB (decimal 1243)
   defining Unicode char U+04DC (decimal 1244)
   defining Unicode char U+04DD (decimal 1245)
   defining Unicode char U+04DE (decimal 1246)
   defining Unicode char U+04DF (decimal 1247)
   defining Unicode char U+04E2 (decimal 1250)
   defining Unicode char U+04E3 (decimal 1251)
   defining Unicode char U+04E4 (decimal 1252)
   defining Unicode char U+04E5 (decimal 1253)
   defining Unicode char U+04E6 (decimal 1254)
   defining Unicode char U+04E7 (decimal 1255)
   defining Unicode char U+04E8 (decimal 1256)
   defining Unicode char U+04E9 (decimal 1257)
   defining Unicode char U+04EC (decimal 1260)
   defining Unicode char U+04ED (decimal 1261)
   defining Unicode char U+04EE (decimal 1262)
   defining Unicode char U+04EF (decimal 1263)
   defining Unicode char U+04F0 (decimal 1264)
   defining Unicode char U+04F1 (decimal 1265)
   defining Unicode char U+04F2 (decimal 1266)
   defining Unicode char U+04F3 (decimal 1267)
   defining Unicode char U+04F4 (decimal 1268)
   defining Unicode char U+04F5 (decimal 1269)
   defining Unicode char U+04F8 (decimal 1272)
   defining Unicode char U+04F9 (decimal 1273)
   defining Unicode char U+200C (decimal 8204)
   defining Unicode char U+2013 (decimal 8211)
   defining Unicode char U+2014 (decimal 8212)
   defining Unicode char U+2018 (decimal 8216)
   defining Unicode char U+2019 (decimal 8217)
   defining Unicode char U+201C (decimal 8220)
   defining Unicode char U+201D (decimal 8221)
   defining Unicode char U+201E (decimal 8222)
   defining Unicode char U+2030 (decimal 8240)
   defining Unicode char U+2031 (decimal 8241)
   defining Unicode char U+2116 (decimal 8470)
   defining Unicode char U+2329 (decimal 9001)
   defining Unicode char U+3008 (decimal 12296)
   defining Unicode char U+232A (decimal 9002)
   defining Unicode char U+3009 (decimal 12297)
   defining Unicode char U+2423 (decimal 9251)
   defining Unicode char U+27E8 (decimal 10216)
   defining Unicode char U+27E9 (decimal 10217)
   defining Unicode char U+FB00 (decimal 64256)
   defining Unicode char U+FB01 (decimal 64257)
   defining Unicode char U+FB02 (decimal 64258)
   defining Unicode char U+FB03 (decimal 64259)
   defining Unicode char U+FB04 (decimal 64260)
   defining Unicode char U+FB05 (decimal 64261)
   defining Unicode char U+FB06 (decimal 64262)
))
Package babel Info: Making " an active character on input line 124.
Package babel Info: Default for \cyrdash is provided on input line 163.
))
(/usr/share/texlive/texmf-dist/tex/generic/babel/locale/ru/babel-russian.tex
Package babel Info: Importing font and identification data for russian
(babel)             from babel-ru.ini. Reported on input line 11.
)
(/usr/share/texlive/texmf-dist/tex/latex/tools/array.sty
Package: array 2024/10/17 v2.6g Tabular extension package (FMi)
\col@sep=\dimen151
\ar@mcellbox=\box52
\extrarowheight=\dimen152
\NC@list=\toks21
\extratabsurround=\skip51
\backup@length=\skip52
\ar@cellbox=\box53
)
(/usr/share/texlive/texmf-dist/tex/latex/hyperref/hyperref.sty
Package: hyperref 2024-10-30 v7.01k Hypertext links for LaTeX

(/usr/share/texlive/texmf-dist/tex/latex/kvsetkeys/kvsetkeys.sty
Package: kvsetkeys 2022-10-05 v1.19 Key value parser (HO)
)
(/usr/share/texlive/texmf-dist/tex/generic/kvdefinekeys/kvdefinekeys.sty
Package: kvdefinekeys 2019-12-19 v1.6 Define keys (HO)
)
(/usr/share/texlive/texmf-dist/tex/generic/pdfescape/pdfescape.sty
Package: pdfescape 2019/12/09 v1.15 Implements pdfTeX's escape features (HO)

(/usr/share/texlive/texmf-dist/tex/generic/ltxcmds/ltxcmds.sty
Package: ltxcmds 2023-12-04 v1.26 LaTeX kernel commands for general use (HO)
)
(/usr/share/texlive/texmf-dist/tex/generic/pdftexcmds/pdftexcmds.sty
Package: pdftexcmds 2020-06-27 v0.33 Utility functions of pdfTeX for LuaTeX (HO
)

(/usr/share/texlive/texmf-dist/tex/generic/infwarerr/infwarerr.sty
Package: infwarerr 2019/12/03 v1.5 Providing info/warning/error messages (HO)
)
Package pdftexcmds Info: \pdf@primitive is available.
Package pdftexcmds Info: \pdf@ifprimitive is available.
Package pdftexcmds Info: \pdfdraftmode found.
))
(/usr/share/texlive/texmf-dist/tex/latex/hycolor/hycolor.sty
Package: hycolor 2020-01-27 v1.10 Color options for hyperref/bookmark (HO)
)
(/usr/share/texlive/texmf-dist/tex/latex/hyperref/nameref.sty
Package: nameref 2023-11-26 v2.56 Cross-referencing by name of section

(/usr/share/texlive/texmf-dist/tex/latex/refcount/refcount.sty
Package: refcount 2019/12/15 v3.6 Data extraction from label references (HO)
)
(/usr/share/texlive/texmf-dist/tex/generic/gettitlestring/gettitlestring.sty
Package: gettitlestring 2019/12/15 v1.6 Cleanup title references (HO)

(/usr/share/texlive/texmf-dist/tex/latex/kvoptions/kvoptions.sty
Package: kvoptions 2022-06-15 v3.15 Key value format for package options (HO)
))
\c@section@level=\count276
)
(/usr/share/texlive/texmf-dist/tex/latex/etoolbox/etoolbox.sty
Package: etoolbox 2020/10/05 v2.5k e-TeX tools for LaTeX (JAW)
\etb@tempcnta=\count277
)
(/usr/share/texlive/texmf-dist/tex/generic/stringenc/stringenc.sty
Package: stringenc 2019/11/29 v1.12 Convert strings between diff. encodings (HO
)
)
\@linkdim=\dimen153
\Hy@linkcounter=\count278
\Hy@pagecounter=\count279

(/usr/share/texlive/texmf-dist/tex/latex/hyperref/pd1enc.def
File: pd1enc.def 2024-10-30 v7.01k Hyperref: PDFDocEncoding definition (HO)
Now handling font encoding PD1 ...
... no UTF-8 mapping file for font encoding PD1
)
(/usr/share/texlive/texmf-dist/tex/generic/intcalc/intcalc.sty
Package: intcalc 2019/12/15 v1.3 Expandable calculations with integers (HO)
)
\Hy@SavedSpaceFactor=\count280

(/usr/share/texlive/texmf-dist/tex/latex/hyperref/puenc.def
File: puenc.def 2024-10-30 v7.01k Hyperref: PDF Unicode definition (HO)
Now handling font encoding PU ...
... no UTF-8 mapping file for font encoding PU
)
Package hyperref Info: Option `unicode' set `true' on input line 3143.
Package hyperref Info: Hyper figures OFF on input line 4157.
Package hyperref Info: Link nesting OFF on input line 4162.
Package hyperref Info: Hyper index ON on input line 4165.
Package hyperref Info: Plain pages OFF on input line 4172.
Package hyperref Info: Backreferencing OFF on input line 4177.
Package hyperref Info: Implicit mode ON; LaTeX internals redefined.
Package hyperref Info: Bookmarks ON on input line 4424.
\c@Hy@tempcnt=\count281

(/usr/share/texlive/texmf-dist/tex/latex/url/url.sty
\Urlmuskip=\muskip17
Package: url 2013/09/16  ver 3.4  Verb mode for urls, etc.
)
LaTeX Info: Redefining \url on input line 4763.
\XeTeXLinkMargin=\dimen154

(/usr/share/texlive/texmf-dist/tex/generic/bitset/bitset.sty
Package: bitset 2019/12/09 v1.3 Handle bit-vector datatype (HO)

(/usr/share/texlive/texmf-dist/tex/generic/bigintcalc/bigintcalc.sty
Package: bigintcalc 2019/12/15 v1.5 Expandable calculations on big integers (HO
)
))
\Fld@menulength=\count282
\Field@Width=\dimen155
\Fld@charsize=\dimen156
Package hyperref Info: Hyper figures OFF on input line 6042.
Package hyperref Info: Link nesting OFF on input line 6047.
Package hyperref Info: Hyper index ON on input line 6050.
Package hyperref Info: backreferencing OFF on input line 6057.
Package hyperref Info: Link coloring OFF on input line 6062.
Package hyperref Info: Link coloring with OCG OFF on input line 6067.
Package hyperref Info: PDF/A mode OFF on input line 6072.

(/usr/share/texlive/texmf-dist/tex/latex/base/atbegshi-ltx.sty
Package: atbegshi-ltx 2021/01/10 v1.0c Emulation of the original atbegshi
package with kernel methods
)
\Hy@abspage=\count283
\c@Item=\count284
\c@Hfootnote=\count285
)
Package hyperref Info: Driver (autodetected): hpdftex.

(/usr/share/texlive/texmf-dist/tex/latex/hyperref/hpdftex.def
File: hpdftex.def 2024-10-30 v7.01k Hyperref driver for pdfTeX

(/usr/share/texlive/texmf-dist/tex/latex/base/atveryend-ltx.sty
Package: atveryend-ltx 2020/08/19 v1.0a Emulation of the original atveryend pac
kage
with kernel methods
)
\Fld@listcount=\count286
\c@bookmark@seq@number=\count287

(/usr/share/texlive/texmf-dist/tex/latex/rerunfilecheck/rerunfilecheck.sty
Package: rerunfilecheck 2022-07-10 v1.10 Rerun checks for auxiliary files (HO)

(/usr/share/texlive/texmf-dist/tex/generic/uniquecounter/uniquecounter.sty
Package: uniquecounter 2019/12/15 v1.4 Provide unlimited unique counter (HO)
)
Package uniquecounter Info: New unique counter `rerunfilecheck' on input line 2
85.
)
\Hy@SectionHShift=\skip53
)
Package hyperref Info: Option `colorlinks' set `true' on input line 17.

(/usr/share/texlive/texmf-dist/tex/latex/sectsty/sectsty.sty
Package: sectsty 2002/02/25 v2.0.2 Commands to change all sectional heading sty
les


LaTeX Warning: Command \underbar  has changed.
               Check if current package is valid.


LaTeX Warning: Command \underline  has changed.
               Check if current package is valid.

) (/usr/share/texlive/texmf-dist/tex/latex/tools/indentfirst.sty
Package: indentfirst 2023/07/02 v1.03 Indent first paragraph (DPC)
)
(/usr/share/texlive/texmf-dist/tex/latex/listings/listings.sty
\lst@mode=\count288
\lst@gtempboxa=\box54
\lst@token=\toks22
\lst@length=\count289
\lst@currlwidth=\dimen157
\lst@column=\count290
\lst@pos=\count291
\lst@lostspace=\dimen158
\lst@width=\dimen159
\lst@newlines=\count292
\lst@lineno=\count293
\lst@maxwidth=\dimen160

(/usr/share/texlive/texmf-dist/tex/latex/listings/lstpatch.sty
File: lstpatch.sty 2024/09/23 1.10c (Carsten Heinz)
)
(/usr/share/texlive/texmf-dist/tex/latex/listings/lstmisc.sty
File: lstmisc.sty 2024/09/23 1.10c (Carsten Heinz)
\c@lstnumber=\count294
\lst@skipnumbers=\count295
\lst@framebox=\box55
)
(/usr/share/texlive/texmf-dist/tex/latex/listings/listings.cfg
File: listings.cfg 2024/09/23 1.10c listings configuration
))
Package: listings 2024/09/23 1.10c (Carsten Heinz)

(/usr/share/texlive/texmf-dist/tex/latex/xcolor/xcolor.sty
Package: xcolor 2024/09/29 v3.02 LaTeX color extensions (UK)

(/usr/share/texlive/texmf-dist/tex/latex/graphics-cfg/color.cfg
File: color.cfg 2016/01/02 v1.6 sample color configuration
)
Package xcolor Info: Driver file: pdftex.def on input line 274.

(/usr/share/texlive/texmf-dist/tex/latex/graphics-def/pdftex.def
File: pdftex.def 2024/04/13 v1.2c Graphics/color driver for pdftex
)
(/usr/share/texlive/texmf-dist/tex/latex/graphics/mathcolor.ltx)
Package xcolor Info: Model `cmy' substituted by `cmy0' on input line 1349.
Package xcolor Info: Model `hsb' substituted by `rgb' on input line 1353.
Package xcolor Info: Model `RGB' extended on input line 1365.
Package xcolor Info: Model `HTML' substituted by `rgb' on input line 1367.
Package xcolor Info: Model `Hsb' substituted by `hsb' on input line 1368.
Package xcolor Info: Model `tHsb' substituted by `hsb' on input line 1369.
Package xcolor Info: Model `HSB' substituted by `hsb' on input line 1370.
Package xcolor Info: Model `Gray' substituted by `gray' on input line 1371.
Package xcolor Info: Model `wave' substituted by `hsb' on input line 1372.
)
(/usr/share/texlive/texmf-dist/tex/latex/graphics/graphicx.sty
Package: graphicx 2021/09/16 v1.2d Enhanced LaTeX Graphics (DPC,SPQR)

(/usr/share/texlive/texmf-dist/tex/latex/graphics/graphics.sty
Package: graphics 2024/08/06 v1.4g Standard LaTeX Graphics (DPC,SPQR)

(/usr/share/texlive/texmf-dist/tex/latex/graphics/trig.sty
Package: trig 2023/12/02 v1.11 sin cos tan (DPC)
)
(/usr/share/texlive/texmf-dist/tex/latex/graphics-cfg/graphics.cfg
File: graphics.cfg 2016/06/04 v1.11 sample graphics configuration
)
Package graphics Info: Driver file: pdftex.def on input line 106.
)
\Gin@req@height=\dimen161
\Gin@req@width=\dimen162
)
(/usr/share/texlive/texmf-dist/tex/latex/l3backend/l3backend-pdftex.def
File: l3backend-pdftex.def 2024-05-08 L3 backend support: PDF output (pdfTeX)
\l__color_backend_stack_int=\count296
\l__pdf_internal_box=\box56
)
(report/report.aux
LaTeX Font Info:    Trying to load font information for T2A+cmr on input line 8
.
 (/usr/share/texlive/texmf-dist/tex/latex/cyrillic/t2acmr.fd
File: t2acmr.fd 2001/08/11 v1.0a Computer Modern Cyrillic font definitions
))
\openout1 = `report.aux'.

LaTeX Font Info:    Checking defaults for OML/cmm/m/it on input line 53.
LaTeX Font Info:    ... okay on input line 53.
LaTeX Font Info:    Checking defaults for OMS/cmsy/m/n on input line 53.
LaTeX Font Info:    ... okay on input line 53.
LaTeX Font Info:    Checking defaults for OT1/cmr/m/n on input line 53.
LaTeX Font Info:    ... okay on input line 53.
LaTeX Font Info:    Checking defaults for T1/cmr/m/n on input line 53.
LaTeX Font Info:    ... okay on input line 53.
LaTeX Font Info:    Checking defaults for TS1/cmr/m/n on input line 53.
LaTeX Font Info:    ... okay on input line 53.
LaTeX Font Info:    Checking defaults for OMX/cmex/m/n on input line 53.
LaTeX Font Info:    ... okay on input line 53.
LaTeX Font Info:    Checking defaults for U/cmr/m/n on input line 53.
LaTeX Font Info:    ... okay on input line 53.
LaTeX Font Info:    Checking defaults for T2A/cmr/m/n on input line 53.
LaTeX Font Info:    ... okay on input line 53.
LaTeX Font Info:    Checking defaults for PD1/pdf/m/n on input line 53.
LaTeX Font Info:    ... okay on input line 53.
LaTeX Font Info:    Checking defaults for PU/pdf/m/n on input line 53.
LaTeX Font Info:    ... okay on input line 53.

*geometry* driver: auto-detecting
*geometry* detected driver: pdftex
*geometry* verbose mode - [ preamble ] result:
* driver: pdftex
* paper: a4paper
* layout: <same size as paper>
* layoutoffset:(h,v)=(0.0pt,0.0pt)
* modes: 
* h-part:(L,W,R)=(22.76228pt, 551.9833pt, 22.76228pt)
* v-part:(T,H,B)=(28.45274pt, 715.18745pt, 101.40665pt)
* \paperwidth=597.50787pt
* \paperheight=845.04684pt
* \textwidth=551.9833pt
* \textheight=715.18745pt
* \oddsidemargin=-49.5077pt
* \evensidemargin=-49.5077pt
* \topmargin=-80.81725pt
* \headheight=12.0pt
* \headsep=25.0pt
* \topskip=12.0pt
* \footskip=30.0pt
* \marginparwidth=35.0pt
* \marginparsep=10.0pt
* \columnsep=10.0pt
* \skip\footins=10.8pt plus 4.0pt minus 2.0pt
* \hoffset=0.0pt
* \voffset=0.0pt
* \mag=1000
* \@twocolumnfalse
* \@twosidefalse
* \@mparswitchfalse
* \@reversemarginfalse
* (1in=72.27pt=25.4mm, 1cm=28.453pt)

LaTeX Info: Redefining \th on input line 53.
Package hyperref Info: Link coloring ON on input line 53.
(report/report.out) (report/report.out)
\@outlinefile=\write3
\openout3 = `report.out'.

\c@lstlisting=\count297

(/usr/share/texlive/texmf-dist/tex/context/base/mkii/supp-pdf.mkii
[Loading MPS to PDF converter (version 2006.09.02).]
\scratchcounter=\count298
\scratchdimen=\dimen163
\scratchbox=\box57
\nofMPsegments=\count299
\nofMParguments=\count300
\everyMPshowfont=\toks23
\MPscratchCnt=\count301
\MPscratchDim=\dimen164
\MPnumerator=\count302
\makeMPintoPDFobject=\count303
\everyMPtoPDFconversion=\toks24
) (/usr/share/texlive/texmf-dist/tex/latex/epstopdf-pkg/epstopdf-base.sty
Package: epstopdf-base 2020-01-24 v2.11 Base part for package epstopdf
Package epstopdf-base Info: Redefining graphics rule for `.eps' on input line 4
85.

(/usr/share/texlive/texmf-dist/tex/latex/latexconfig/epstopdf-sys.cfg
File: epstopdf-sys.cfg 2010/07/13 v1.3 Configuration of (r)epstopdf for TeX Liv
e
))
LaTeX Font Info:    External font `cmex10' loaded for size
(Font)              <17.28> on input line 66.
LaTeX Font Info:    External font `cmex10' loaded for size
(Font)              <12> on input line 66.

Overfull \hbox (31.11359pt too wide) in paragraph at lines 66--74
 []
 []



[1

{/var/lib/texmf/fonts/map/pdftex/updmap/pdftex.map}] (report/report.toc
LaTeX Font Info:    External font `cmex10' loaded for size
(Font)              <8> on input line 2.
LaTeX Font Info:    External font `cmex10' loaded for size
(Font)              <6> on input line 2.
)
\tf@toc=\write4
\openout4 = `report.toc'.




pdfTeX warning (ext4): destination with the same identifier (name{page.1}) has 
been already used, duplicate ignored
<to be read again> 
                   \relax 
l.84 		\newpage
                [1

]
LaTeX Font Info:    External font `cmex10' loaded for size
(Font)              <14.4> on input line 95.
LaTeX Font Info:    External font `cmex10' loaded for size
(Font)              <7> on input line 95.

(/usr/share/texlive/texmf-dist/tex/latex/listings/lstlang1.sty
File: lstlang1.sty 2024/09/23 1.10c listings language file
)
(/usr/share/texlive/texmf-dist/tex/latex/listings/lstlang1.sty
File: lstlang1.sty 2024/09/23 1.10c listings language file
)
Package hyperref Info: bookmark level for unknown lstlisting defaults to 0 on i
nput line 97.
LaTeX Font Info:    Trying to load font information for T2A+cmtt on input line 
97.

(/usr/share/texlive/texmf-dist/tex/latex/cyrillic/t2acmtt.fd
File: t2acmtt.fd 2001/08/11 v1.0a Computer Modern Cyrillic font definitions
)
(./src/task1/main.sh)
<assets/task1.png, id=129, 1195.46625pt x 297.11pt>
File: assets/task1.png Graphic file (type png)
<use assets/task1.png>
Package pdftex.def Info: assets/task1.png  used on input line 99.
(pdftex.def)             Requested size: 500.0pt x 124.26399pt.
 (./src/task2/main.sh


pdfTeX warning (ext4): destination with the same identifier (name{page.1}) has 
been already used, duplicate ignored
<to be read again> 
                   \relax 
l.13 	
      rm $FILE [1 <./assets/task1.png>])
<assets/task2.png, id=168, 418.56375pt x 183.68625pt>
File: assets/task2.png Graphic file (type png)
<use assets/task2.png>
Package pdftex.def Info: assets/task2.png  used on input line 108.
(pdftex.def)             Requested size: 500.0pt x 219.42175pt.
 (./src/task3/main.sh)

[2 <./assets/task2.png>]
<assets/task3.png, id=207, 814.04124pt x 275.0275pt>
File: assets/task3.png Graphic file (type png)
<use assets/task3.png>
Package pdftex.def Info: assets/task3.png  used on input line 117.
(pdftex.def)             Requested size: 500.0pt x 168.92477pt.
 (./src/task4/main.sh)
<assets/task4.png, id=208, 872.25874pt x 227.85126pt>
File: assets/task4.png Graphic file (type png)
<use assets/task4.png>
Package pdftex.def Info: assets/task4.png  used on input line 126.
(pdftex.def)             Requested size: 500.0pt x 130.61014pt.


[3 <./assets/task3.png> <./assets/task4.png>] (./src/task5/main.sh)
<assets/task5.png, id=237, 416.55624pt x 163.61125pt>
File: assets/task5.png Graphic file (type png)
<use assets/task5.png>
Package pdftex.def Info: assets/task5.png  used on input line 135.
(pdftex.def)             Requested size: 500.0pt x 196.39491pt.

(./src/task6/main.sh

[4 <./assets/task5.png>])
<assets/task6.png, id=276, 1076.02pt x 208.78pt>
File: assets/task6.png Graphic file (type png)
<use assets/task6.png>
Package pdftex.def Info: assets/task6.png  used on input line 144.
(pdftex.def)             Requested size: 500.0pt x 97.01479pt.
 (./src/task7/main.sh)
<assets/task7.png, id=277, 607.26875pt x 180.675pt>
File: assets/task7.png Graphic file (type png)
<use assets/task7.png>
Package pdftex.def Info: assets/task7.png  used on input line 153.
(pdftex.def)             Requested size: 500.0pt x 148.76372pt.


[5 <./assets/task6.png> <./assets/task7.png>] (./src/task8/main.sh)
<assets/task8.png, id=311, 751.80875pt x 140.525pt>
File: assets/task8.png Graphic file (type png)
<use assets/task8.png>
Package pdftex.def Info: assets/task8.png  used on input line 162.
(pdftex.def)             Requested size: 500.0pt x 93.4608pt.

(./src/task9/main.sh)
<assets/task9.png, id=312, 921.4425pt x 249.93375pt>
File: assets/task9.png Graphic file (type png)
<use assets/task9.png>
Package pdftex.def Info: assets/task9.png  used on input line 171.
(pdftex.def)             Requested size: 500.0pt x 135.61816pt.


[6 <./assets/task8.png>]
<assets/task10/task10_1.png, id=347, 333.245pt x 74.2775pt>
File: assets/task10/task10_1.png Graphic file (type png)
<use assets/task10/task10_1.png>
Package pdftex.def Info: assets/task10/task10_1.png  used on input line 179.
(pdftex.def)             Requested size: 400.0pt x 89.16315pt.
<assets/task10/task10_2.png, id=348, 430.60875pt x 72.27pt>
File: assets/task10/task10_2.png Graphic file (type png)
<use assets/task10/task10_2.png>
Package pdftex.def Info: assets/task10/task10_2.png  used on input line 180.
(pdftex.def)             Requested size: 400.0pt x 67.1343pt.
<assets/task10/task10_3.png, id=349, 418.56375pt x 75.28125pt>
File: assets/task10/task10_3.png Graphic file (type png)
<use assets/task10/task10_3.png>
Package pdftex.def Info: assets/task10/task10_3.png  used on input line 184.
(pdftex.def)             Requested size: 400.0pt x 71.94177pt.
<assets/task10/task10_4.png, id=350, 423.5825pt x 75.28125pt>
File: assets/task10/task10_4.png Graphic file (type png)
<use assets/task10/task10_4.png>
Package pdftex.def Info: assets/task10/task10_4.png  used on input line 185.
(pdftex.def)             Requested size: 400.0pt x 71.0929pt.
<assets/task10/task10_5.png, id=351, 368.37625pt x 117.43875pt>
File: assets/task10/task10_5.png Graphic file (type png)
<use assets/task10/task10_5.png>
Package pdftex.def Info: assets/task10/task10_5.png  used on input line 189.
(pdftex.def)             Requested size: 400.0pt x 127.52005pt.
<assets/task10/task10_6.png, id=352, 389.455pt x 129.48375pt>
File: assets/task10/task10_6.png Graphic file (type png)
<use assets/task10/task10_6.png>
Package pdftex.def Info: assets/task10/task10_6.png  used on input line 190.
(pdftex.def)             Requested size: 400.0pt x 132.99434pt.


[7 <./assets/task9.png> <./assets/task10/task10_1.png> <./assets/task10/task10_
2.png> <./assets/task10/task10_3.png> <./assets/task10/task10_4.png>]
<assets/task10/task10_7.png, id=357, 361.35pt x 126.4725pt>
File: assets/task10/task10_7.png Graphic file (type png)
<use assets/task10/task10_7.png>
Package pdftex.def Info: assets/task10/task10_7.png  used on input line 194.
(pdftex.def)             Requested size: 400.0pt x 140.00017pt.
<assets/task10/task10_8.png, id=358, 403.5075pt x 117.43875pt>
File: assets/task10/task10_8.png Graphic file (type png)
<use assets/task10/task10_8.png>
Package pdftex.def Info: assets/task10/task10_8.png  used on input line 198.
(pdftex.def)             Requested size: 400.0pt x 116.41881pt.
<assets/task10/task10_9.png, id=359, 399.4925pt x 120.45pt>
File: assets/task10/task10_9.png Graphic file (type png)
<use assets/task10/task10_9.png>
Package pdftex.def Info: assets/task10/task10_9.png  used on input line 199.
(pdftex.def)             Requested size: 400.0pt x 120.60959pt.


[8 <./assets/task10/task10_5.png> <./assets/task10/task10_6.png> <./assets/task
10/task10_7.png> <./assets/task10/task10_8.png>]
<assets/task10/task10_10.png, id=364, 361.35pt x 73.27374pt>
File: assets/task10/task10_10.png Graphic file (type png)
<use assets/task10/task10_10.png>
Package pdftex.def Info: assets/task10/task10_10.png  used on input line 203.
(pdftex.def)             Requested size: 400.0pt x 81.11118pt.
<assets/task11/task11_1.png, id=365, 462.72874pt x 130.4875pt>
File: assets/task11/task11_1.png Graphic file (type png)
<use assets/task11/task11_1.png>
Package pdftex.def Info: assets/task11/task11_1.png  used on input line 210.
(pdftex.def)             Requested size: 500.0pt x 141.00005pt.
<assets/task11/task11_2.png, id=366, 429.605pt x 116.435pt>
File: assets/task11/task11_2.png Graphic file (type png)
<use assets/task11/task11_2.png>
Package pdftex.def Info: assets/task11/task11_2.png  used on input line 211.
(pdftex.def)             Requested size: 500.0pt x 135.51595pt.


[9 <./assets/task10/task10_9.png> <./assets/task10/task10_10.png> <./assets/tas
k11/task11_1.png> <./assets/task11/task11_2.png>] (./src/task12/main.sh)
<assets/task12.png, id=371, 1269.74374pt x 597.23125pt>
File: assets/task12.png Graphic file (type png)
<use assets/task12.png>
Package pdftex.def Info: assets/task12.png  used on input line 220.
(pdftex.def)             Requested size: 500.0pt x 235.17926pt.

(./src/task13/main.sh

[10 <./assets/task12.png>])
<assets/task13.png, id=404, 1268.74pt x 512.91624pt>
File: assets/task13.png Graphic file (type png)
<use assets/task13.png>
Package pdftex.def Info: assets/task13.png  used on input line 229.
(pdftex.def)             Requested size: 500.0pt x 202.13402pt.

Overfull \hbox (67.70694pt too wide) in paragraph at lines 234--236
[]\T2A/cmr/m/n/14.4 Создайте под учјт-ной за-пи-сью \T2A/cmr/m/it/14.4 root \T2
A/cmr/m/n/14.4 од-ной ко-ман-дой вло-жен-ную пап-ку \T2A/cmr/m/it/14.4 /tmp/PAP
KA2/PAPKA3\T2A/cmr/m/n/14.4 .
 []


Overfull \hbox (21.38026pt too wide) in paragraph at lines 234--236
\T2A/cmr/m/n/14.4 В ней со-здай-те од-ной ко-ман-дой файл, со-дер-жа-щий де-сят
ь по-след-них строк фай-ла \T2A/cmr/m/it/14.4 /etc/hosts\T2A/cmr/m/n/14.4 .
 []

(./src/task14/main.sh)
<assets/task14.png, id=405, 681.54625pt x 314.17375pt>
File: assets/task14.png Graphic file (type png)
<use assets/task14.png>
Package pdftex.def Info: assets/task14.png  used on input line 238.
(pdftex.def)             Requested size: 500.0pt x 230.48587pt.


[11 <./assets/task13.png>] (./src/task15/main.sh)
<assets/task15.png, id=443, 399.4925pt x 705.63625pt>
File: assets/task15.png Graphic file (type png)
<use assets/task15.png>
Package pdftex.def Info: assets/task15.png  used on input line 247.
(pdftex.def)             Requested size: 300.0pt x 529.92575pt.


[12 <./assets/task14.png>] (./src/task16/main.sh

[13 <./assets/task15.png>])
<assets/task16.png, id=489, 668.4975pt x 468.75125pt>
File: assets/task16.png Graphic file (type png)
<use assets/task16.png>
Package pdftex.def Info: assets/task16.png  used on input line 256.
(pdftex.def)             Requested size: 500.0pt x 350.61127pt.
 (./src/task17/main.sh

[14 <./assets/task16.png>])
<assets/task17.png, id=514, 795.97375pt x 484.81125pt>
File: assets/task17.png Graphic file (type png)
<use assets/task17.png>
Package pdftex.def Info: assets/task17.png  used on input line 265.
(pdftex.def)             Requested size: 500.0pt x 304.53758pt.


[15] (./src/task18/main.sh)
<assets/task18.png, id=563, 604.2575pt x 694.595pt>
File: assets/task18.png Graphic file (type png)
<use assets/task18.png>
Package pdftex.def Info: assets/task18.png  used on input line 274.
(pdftex.def)             Requested size: 500.0pt x 574.75433pt.


[16 <./assets/task17.png>]

[17 <./assets/task18.png>] (./src/task19/main.sh)
<assets/task19.png, id=578, 1268.74pt x 346.29375pt>
File: assets/task19.png Graphic file (type png)
<use assets/task19.png>
Package pdftex.def Info: assets/task19.png  used on input line 287.
(pdftex.def)             Requested size: 500.0pt x 136.47012pt.
 (./src/task20/main.sh

[18 <./assets/task19.png>])
<assets/task20.png, id=620, 1169.36874pt x 331.2375pt>
File: assets/task20.png Graphic file (type png)
<use assets/task20.png>
Package pdftex.def Info: assets/task20.png  used on input line 296.
(pdftex.def)             Requested size: 500.0pt x 141.63077pt.
 (./src/task21/main.sh)
<assets/task21.png, id=621, 847.165pt x 258.9675pt>
File: assets/task21.png Graphic file (type png)
<use assets/task21.png>
Package pdftex.def Info: assets/task21.png  used on input line 305.
(pdftex.def)             Requested size: 500.0pt x 152.84085pt.


[19 <./assets/task20.png>]

[20 <./assets/task21.png>] (report/report.aux)
 ***********
LaTeX2e <2024-11-01>
L3 programming layer <2024-10-09>
 ***********
Package rerunfilecheck Info: File `report.out' has not changed.
(rerunfilecheck)             Checksum: 0C5AB0CB464A8F192CE718E665BAE10D;2938.
 ) 
Here is how much of TeX's memory you used:
 14430 strings out of 474743
 220213 string characters out of 5760603
 1003499 words of memory out of 5000000
 36609 multiletter control sequences out of 15000+600000
 572229 words of font info for 64 fonts, out of 8000000 for 9000
 475 hyphenation exceptions out of 8191
 75i,8n,79p,620b,2045s stack positions out of 10000i,1000n,20000p,200000b,200000s
 </home/corgi/.texlive2024/texmf-var/fonts/pk/ljfour/lh/lh-t2a/lati1440.600pk
> </home/corgi/.texlive2024/texmf-var/fonts/pk/ljfour/lh/lh-t2a/latt1000.600pk>
 </home/corgi/.texlive2024/texmf-var/fonts/pk/ljfour/lh/lh-t2a/larm1440.600pk> 
</home/corgi/.texlive2024/texmf-var/fonts/pk/ljfour/lh/lh-t2a/larm1200.600pk> <
/home/corgi/.texlive2024/texmf-var/fonts/pk/ljfour/lh/lh-t2a/labx2488.600pk> </
home/corgi/.texlive2024/texmf-var/fonts/pk/ljfour/lh/lh-t2a/labx1728.600pk> </h
ome/corgi/.texlive2024/texmf-var/fonts/pk/ljfour/lh/lh-t2a/larm1728.600pk> </ho
me/corgi/.texlive2024/texmf-var/fonts/pk/ljfour/lh/lh-t2a/labx2074.600pk> </hom
e/corgi/.texlive2024/texmf-var/fonts/pk/ljfour/lh/lh-t2a/labx1440.600pk>
Output written on report/report.pdf (22 pages, 932241 bytes).
PDF statistics:
 1208 PDF objects out of 1440 (max. 8388607)
 735 compressed objects within 8 object streams
 463 named destinations out of 1000 (max. 500000)
 332 words of extra memory for PDF output out of 10000 (max. 10000000)

